<?xml version="1.0" encoding="UTF-8"?>
<!-- Generated by org.testng.reporters.JUnitReportReporter -->
<testsuite hostname="HP" failures="0" tests="3" name="TASK.NewTest1$PriorityDemo" time="0.013" errors="0" timestamp="2023-04-12T11:25:53 IST" skipped="0">
  <testcase classname="TASK.NewTest1$PriorityDemo" name="Samsung" time="0.010"/>
  <system-out/>
  <testcase classname="TASK.NewTest1$PriorityDemo" name="Apple" time="0.002"/>
  <system-out/>
  <testcase classname="TASK.NewTest1$PriorityDemo" name="Nokia" time="0.001"/>
  <system-out/>
</testsuite> <!-- TASK.NewTest1$PriorityDemo -->
