<?xml version="1.0" encoding="UTF-8"?>
<!-- Generated by org.testng.reporters.JUnitReportReporter -->
<testsuite hostname="HP" failures="0" tests="4" name="TASK.NewTest2$GroupTestCases" time="0.013" errors="0" timestamp="2023-04-12T11:29:10 IST" skipped="0">
  <testcase classname="TASK.NewTest2$GroupTestCases" name="BootStrap" time="0.009"/>
  <system-out/>
  <testcase classname="TASK.NewTest2$GroupTestCases" name="JavaProgramming" time="0.001"/>
  <system-out/>
  <testcase classname="TASK.NewTest2$GroupTestCases" name="PythonProgramming" time="0.002"/>
  <system-out/>
  <testcase classname="TASK.NewTest2$GroupTestCases" name="JQuery" time="0.001"/>
  <system-out/>
</testsuite> <!-- TASK.NewTest2$GroupTestCases -->
