<?xml version="1.0" encoding="UTF-8"?>
<!-- Generated by org.testng.reporters.JUnitReportReporter -->
<testsuite hostname="HP" failures="0" tests="4" name="DAY7.day7task2" time="0.014" errors="0" timestamp="2023-04-17T11:45:03 IST" skipped="0">
  <testcase classname="DAY7.day7task2" name="div" time="0.010"/>
  <system-out/>
  <testcase classname="DAY7.day7task2" name="mul" time="0.001"/>
  <system-out/>
  <testcase classname="DAY7.day7task2" name="add" time="0.001"/>
  <system-out/>
  <testcase classname="DAY7.day7task2" name="sub" time="0.002"/>
  <system-out/>
</testsuite> <!-- DAY7.day7task2 -->
