<?xml version="1.0" encoding="UTF-8"?>
<!-- Generated by org.testng.reporters.JUnitReportReporter -->
<testsuite hostname="HP" failures="0" tests="1" name="TASK.NewTest" time="0.011" errors="0" timestamp="2023-04-12T10:20:48 IST" skipped="0">
  <testcase classname="TASK.NewTest" name="function" time="0.011"/>
  <system-out/>
</testsuite> <!-- TASK.NewTest -->
